<?xml version="1.0" encoding="UTF-8"?>
<!-- Generated by org.testng.reporters.JUnitXMLReporter -->
<testsuite ignored="0" hostname="DESKTOP-G34M644" failures="1" tests="1" name="Test" time="56.944" errors="0" timestamp="2024-12-27T19:09:23 IST">
  <testcase classname="testCases.TC_0001_AccountRegistration" name="verify_account_registration" time="45.393">
    <failure type="java.lang.AssertionError" message="null">
      <![CDATA[java.lang.AssertionError: null
at testCases.TC_0001_AccountRegistration.verify_account_registration(TC_0001_AccountRegistration.java:84)
at java.base/java.util.ArrayList.forEach(ArrayList.java:1511)
... Removed 29 stack frames]]>
    </failure>
  </testcase> <!-- verify_account_registration -->
</testsuite> <!-- Test -->
